<?xml version="1.0" encoding="UTF-8"?>
<!-- Generated by org.testng.reporters.JUnitReportReporter -->
<testsuite hostname="Maverick" name="com.mas.TestCases.TC_MAS_Login" tests="1" failures="0" timestamp="30 Aug 2017 09:16:37 GMT" time="0.114" errors="0">
  <testcase name="NavigateToHomePage" time="0.114" classname="com.mas.TestCases.TC_MAS_Login"/>
</testsuite> <!-- com.mas.TestCases.TC_MAS_Login -->
