<?xml version="1.0" encoding="UTF-8"?>
<!-- Generated by org.testng.reporters.JUnitReportReporter -->
<testsuite hostname="Maverick" name="com.mas.TestCases.TC_Demo" tests="1" failures="0" timestamp="30 Aug 2017 09:35:03 GMT" time="4.319" errors="0">
  <testcase name="NavigateToHomePage" time="4.319" classname="com.mas.TestCases.TC_Demo"/>
</testsuite> <!-- com.mas.TestCases.TC_Demo -->
